{
  "RSpec": {
    "coverage": {
      "/Users/cjoakim/github/community/ruby/bbstats/lib/bbstats.rb": [
        null,
        null,
        1,
        null,
        null,
        null,
        null,
        1,
        1,
        1,
        1,
        1
      ],
      "/Users/cjoakim/github/community/ruby/bbstats/lib/bbstats_constants.rb": [
        null,
        1,
        1,
        1,
        1,
        1,
        null,
        1,
        1,
        1,
        null
      ],
      "/Users/cjoakim/github/community/ruby/bbstats/lib/bbstats_csv_data.rb": [
        1,
        null,
        1,
        null,
        1,
        null,
        1,
        0,
        null,
        null,
        1,
        null,
        null,
        null,
        1,
        null,
        null,
        null,
        1,
        null,
        null,
        null,
        null,
        null,
        null
      ],
      "/Users/cjoakim/github/community/ruby/bbstats/lib/bbstats_batter.rb": [
        null,
        1,
        null,
        1,
        null,
        1,
        1,
        null,
        null,
        null,
        null,
        null
      ],
      "/Users/cjoakim/github/community/ruby/bbstats/lib/bbstats_calculator.rb": [
        null,
        1,
        null,
        1,
        null,
        1,
        null,
        1,
        0,
        0,
        null,
        null,
        1,
        0,
        null,
        null,
        1,
        0,
        null,
        null,
        1,
        0,
        null,
        null,
        null,
        null,
        null
      ],
      "/Users/cjoakim/github/community/ruby/bbstats/lib/bbstats_pitcher.rb": [
        1,
        null,
        1,
        null,
        null,
        null,
        null,
        null,
        null
      ]
    },
    "timestamp": 1396483980
  }
}
